DEBUG:root:Received input ingredients: harissa used belazu, skinless chicken breast, vegetable sunflower, onion, pine nut, handful apricot, bulgur wheat, hot chicken stock cube, handful coriander
DEBUG:root:Loading Word2Vec model...
INFO:gensim.utils:loading Word2Vec object from model_cbow.bin
DEBUG:smart_open.smart_open_lib:{'uri': 'model_cbow.bin', 'mode': 'rb', 'buffering': -1, 'encoding': None, 'errors': None, 'newline': None, 'closefd': True, 'opener': None, 'compression': 'infer_from_extension', 'transport_params': None}
INFO:gensim.utils:loading wv recursively from model_cbow.bin.wv.* with mmap=None
INFO:gensim.utils:setting ignored attribute cum_table to None
INFO:gensim.utils:Word2Vec lifecycle event {'fname': 'model_cbow.bin', 'datetime': '2023-06-04T10:53:06.430945', 'gensim': '4.3.1', 'python': '3.8.16 | packaged by conda-forge | (default, Feb  1 2023, 16:05:36) \n[Clang 14.0.6 ]', 'platform': 'macOS-10.16-x86_64-i386-64bit', 'event': 'loaded'}
DEBUG:root:Loading processed recipes...
DEBUG:root:Processing input ingredients...
DEBUG:root:Generating document vectors...
DEBUG:root:Calculating embeddings for input: ['harissa used belazu', ' skinless chicken breast', ' vegetable sunflower', ' onion', ' pine nut', ' handful apricot', ' bulgur wheat', ' hot chicken stock cube', ' handful coriander']
DEBUG:root:Calculating cosine similarities...
DEBUG:root:Getting recipe recommendations...
DEBUG:root:{"recipe_id":{"0":"kQKCE7ab5Lq9YXy59qgS","1":"Rcd1rV7f8ofn6PZ41CPV","2":"YvWCCyYrRAy0Jk12js0Q","3":"fyB0TgMrmHWwLrYICPun","4":"00iNYGFziV0duuIH5JSN"},"score":{"0":"0.2859308421611786","1":"0.2848946154117584","2":"0.20520351827144623","3":"0.196051687002182","4":"0.1931874006986618"}}
DEBUG:root:Received input ingredients: harissa used belazu, skinless chicken breast, vegetable sunflower, onion, pine nut, handful apricot, bulgur wheat, hot chicken stock cube, handful coriander
DEBUG:root:Loading Word2Vec model...
INFO:gensim.utils:loading Word2Vec object from model_cbow.bin
DEBUG:smart_open.smart_open_lib:{'uri': 'model_cbow.bin', 'mode': 'rb', 'buffering': -1, 'encoding': None, 'errors': None, 'newline': None, 'closefd': True, 'opener': None, 'compression': 'infer_from_extension', 'transport_params': None}
INFO:gensim.utils:loading wv recursively from model_cbow.bin.wv.* with mmap=None
INFO:gensim.utils:setting ignored attribute cum_table to None
INFO:gensim.utils:Word2Vec lifecycle event {'fname': 'model_cbow.bin', 'datetime': '2023-06-04T10:54:39.029854', 'gensim': '4.3.1', 'python': '3.8.16 | packaged by conda-forge | (default, Feb  1 2023, 16:05:36) \n[Clang 14.0.6 ]', 'platform': 'macOS-10.16-x86_64-i386-64bit', 'event': 'loaded'}
DEBUG:root:Loading processed recipes...
DEBUG:root:Processing input ingredients...
DEBUG:root:Generating document vectors...
DEBUG:root:Calculating embeddings for input: ['harissa used belazu', ' skinless chicken breast', ' vegetable sunflower', ' onion', ' pine nut', ' handful apricot', ' bulgur wheat', ' hot chicken stock cube', ' handful coriander']
DEBUG:root:Calculating cosine similarities...
DEBUG:root:Getting recipe recommendations...
DEBUG:root:{"recipe_id":{"0":"kQKCE7ab5Lq9YXy59qgS","1":"Rcd1rV7f8ofn6PZ41CPV","2":"YvWCCyYrRAy0Jk12js0Q","3":"fyB0TgMrmHWwLrYICPun","4":"00iNYGFziV0duuIH5JSN"},"score":{"0":"0.2859308421611786","1":"0.2848946154117584","2":"0.20520351827144623","3":"0.196051687002182","4":"0.1931874006986618"}}
DEBUG:root:Received input ingredients: harissa used belazu, skinless chicken breast, vegetable sunflower, onion, pine nut, handful apricot, bulgur wheat, hot chicken stock cube, handful coriander
DEBUG:root:Loading Word2Vec model...
INFO:gensim.utils:loading Word2Vec object from model_cbow.bin
DEBUG:smart_open.smart_open_lib:{'uri': 'model_cbow.bin', 'mode': 'rb', 'buffering': -1, 'encoding': None, 'errors': None, 'newline': None, 'closefd': True, 'opener': None, 'compression': 'infer_from_extension', 'transport_params': None}
INFO:gensim.utils:loading wv recursively from model_cbow.bin.wv.* with mmap=None
INFO:gensim.utils:setting ignored attribute cum_table to None
INFO:gensim.utils:Word2Vec lifecycle event {'fname': 'model_cbow.bin', 'datetime': '2023-06-04T11:01:22.312061', 'gensim': '4.3.1', 'python': '3.8.16 | packaged by conda-forge | (default, Feb  1 2023, 16:05:36) \n[Clang 14.0.6 ]', 'platform': 'macOS-10.16-x86_64-i386-64bit', 'event': 'loaded'}
DEBUG:root:Loading processed recipes...
DEBUG:root:Processing input ingredients...
DEBUG:root:Generating document vectors...
DEBUG:root:Calculating embeddings for input: ['harissa used belazu', ' skinless chicken breast', ' vegetable sunflower', ' onion', ' pine nut', ' handful apricot', ' bulgur wheat', ' hot chicken stock cube', ' handful coriander']
DEBUG:root:Calculating cosine similarities...
DEBUG:root:Getting recipe recommendations...
DEBUG:root:{"recipe_id":{"0":"kQKCE7ab5Lq9YXy59qgS","1":"Rcd1rV7f8ofn6PZ41CPV","2":"YvWCCyYrRAy0Jk12js0Q","3":"fyB0TgMrmHWwLrYICPun","4":"00iNYGFziV0duuIH5JSN"},"score":{"0":"0.2859308421611786","1":"0.2848946154117584","2":"0.20520351827144623","3":"0.196051687002182","4":"0.1931874006986618"}}
DEBUG:root:Received input ingredients: harissa used belazu, skinless chicken breast, vegetable sunflower, onion, pine nut, handful apricot, bulgur wheat, hot chicken stock cube, handful coriander
DEBUG:root:Loading Word2Vec model...
INFO:gensim.utils:loading Word2Vec object from model_cbow.bin
DEBUG:smart_open.smart_open_lib:{'uri': 'model_cbow.bin', 'mode': 'rb', 'buffering': -1, 'encoding': None, 'errors': None, 'newline': None, 'closefd': True, 'opener': None, 'compression': 'infer_from_extension', 'transport_params': None}
INFO:gensim.utils:loading wv recursively from model_cbow.bin.wv.* with mmap=None
INFO:gensim.utils:setting ignored attribute cum_table to None
INFO:gensim.utils:Word2Vec lifecycle event {'fname': 'model_cbow.bin', 'datetime': '2023-06-04T11:05:00.916079', 'gensim': '4.3.1', 'python': '3.8.16 | packaged by conda-forge | (default, Feb  1 2023, 16:05:36) \n[Clang 14.0.6 ]', 'platform': 'macOS-10.16-x86_64-i386-64bit', 'event': 'loaded'}
DEBUG:root:Loading processed recipes...
DEBUG:root:Processing input ingredients...
DEBUG:root:Generating document vectors...
DEBUG:root:Calculating embeddings for input: ['harissa used belazu', ' skinless chicken breast', ' vegetable sunflower', ' onion', ' pine nut', ' handful apricot', ' bulgur wheat', ' hot chicken stock cube', ' handful coriander']
DEBUG:root:Calculating cosine similarities...
DEBUG:root:Getting recipe recommendations...
DEBUG:root:{"recipe_id":{"0":"kQKCE7ab5Lq9YXy59qgS","1":"Rcd1rV7f8ofn6PZ41CPV","2":"YvWCCyYrRAy0Jk12js0Q","3":"fyB0TgMrmHWwLrYICPun","4":"00iNYGFziV0duuIH5JSN"},"score":{"0":"0.2859308421611786","1":"0.2848946154117584","2":"0.20520351827144623","3":"0.196051687002182","4":"0.1931874006986618"}}
DEBUG:root:Received input ingredients: harissa used belazu, skinless chicken breast, vegetable sunflower, onion, pine nut, handful apricot, bulgur wheat, hot chicken stock cube, handful coriander
DEBUG:root:Loading Word2Vec model...
INFO:gensim.utils:loading Word2Vec object from model_cbow.bin
DEBUG:smart_open.smart_open_lib:{'uri': 'model_cbow.bin', 'mode': 'rb', 'buffering': -1, 'encoding': None, 'errors': None, 'newline': None, 'closefd': True, 'opener': None, 'compression': 'infer_from_extension', 'transport_params': None}
INFO:gensim.utils:loading wv recursively from model_cbow.bin.wv.* with mmap=None
INFO:gensim.utils:setting ignored attribute cum_table to None
INFO:gensim.utils:Word2Vec lifecycle event {'fname': 'model_cbow.bin', 'datetime': '2023-06-04T11:05:05.604801', 'gensim': '4.3.1', 'python': '3.8.16 | packaged by conda-forge | (default, Feb  1 2023, 16:05:36) \n[Clang 14.0.6 ]', 'platform': 'macOS-10.16-x86_64-i386-64bit', 'event': 'loaded'}
DEBUG:root:Loading processed recipes...
DEBUG:root:Processing input ingredients...
DEBUG:root:Generating document vectors...
DEBUG:root:Calculating embeddings for input: ['harissa used belazu', ' skinless chicken breast', ' vegetable sunflower', ' onion', ' pine nut', ' handful apricot', ' bulgur wheat', ' hot chicken stock cube', ' handful coriander']
DEBUG:root:Calculating cosine similarities...
DEBUG:root:Getting recipe recommendations...
DEBUG:root:{"recipe_id":{"0":"kQKCE7ab5Lq9YXy59qgS","1":"Rcd1rV7f8ofn6PZ41CPV","2":"YvWCCyYrRAy0Jk12js0Q","3":"fyB0TgMrmHWwLrYICPun","4":"00iNYGFziV0duuIH5JSN"},"score":{"0":"0.2859308421611786","1":"0.2848946154117584","2":"0.20520351827144623","3":"0.196051687002182","4":"0.1931874006986618"}}
